[20:26:56] [ServerMain/INFO]: Environment: authHost='https://authserver.mojang.com', accountsHost='https://api.mojang.com', sessionHost='https://sessionserver.mojang.com', servicesHost='https://api.minecraftservices.com', name='PROD'
[20:26:56] [ServerMain/INFO]: Reloading ResourceManager: Default, bukkit
[20:26:57] [Worker-Main-2/INFO]: Loaded 7 recipes
[20:26:58] [Server thread/INFO]: Starting minecraft server version 1.18.1
[20:26:58] [Server thread/INFO]: Loading properties
[20:26:58] [Server thread/INFO]: This server is running Paper version git-Paper-168 (MC: 1.18.1) (Implementing API version 1.18.1-R0.1-SNAPSHOT) (Git: dcca6cb)
[20:26:58] [Server thread/INFO]: Server Ping Player Sample Count: 12
[20:26:58] [Server thread/INFO]: Using 4 threads for Netty based IO
[20:26:58] [Server thread/INFO]: Default game type: SURVIVAL
[20:26:58] [Server thread/INFO]: Generating keypair
[20:26:58] [Server thread/INFO]: Starting Minecraft server on *:25565
[20:26:58] [Server thread/INFO]: Using default channel type
[20:26:58] [Server thread/INFO]: Paper: Using Java 11 compression from Velocity.
[20:26:58] [Server thread/INFO]: Paper: Using Java cipher from Velocity.
[20:27:00] [Server thread/INFO]: [BlockProt] Loading BlockProt v1.0.4
[20:27:00] [Server thread/INFO]: [SavageDeathChest] Loading SavageDeathChest v1.18.5
[20:27:00] [Server thread/INFO]: [SinglePlayerSleep] Loading SinglePlayerSleep v1.13_2.13.46
[20:27:00] [Server thread/INFO]: [LaggRemover] Loading LaggRemover v2.0.6
[20:27:00] [Server thread/INFO]: Server permissions file permissions.yml is empty, ignoring it
[20:27:00] [Server thread/WARN]: **** SERVER IS RUNNING IN OFFLINE/INSECURE MODE!
[20:27:00] [Server thread/WARN]: The server will make no attempt to authenticate usernames. Beware.
[20:27:00] [Server thread/WARN]: While this makes the game possible to play without internet access, it also opens up the ability for hackers to connect with any username they choose.
[20:27:00] [Server thread/WARN]: To change this, set "online-mode" to "true" in the server.properties file.
[20:27:00] [Server thread/INFO]: Preparing level "world"
[20:27:01] [Server thread/INFO]: Preparing start region for dimension minecraft:overworld
[20:27:02] [Server thread/INFO]: Time elapsed: 327 ms
[20:27:02] [Server thread/INFO]: Preparing start region for dimension minecraft:the_nether
[20:27:02] [Server thread/INFO]: Time elapsed: 94 ms
[20:27:02] [Server thread/INFO]: Preparing start region for dimension minecraft:the_end
[20:27:02] [Server thread/INFO]: Time elapsed: 77 ms
[20:27:02] [Server thread/INFO]: [BlockProt] Enabling BlockProt v1.0.4
[20:27:02] [Server thread/INFO]: [NBTAPI] [NBTAPI] Found Spigot: v1_18_R1! Trying to find NMS support
[20:27:02] [Server thread/INFO]: [NBTAPI] [NBTAPI] NMS support 'MC1_18_R1' loaded!
[20:27:02] [Server thread/INFO]: [NBTAPI] [NBTAPI] Found Gson: class com.google.gson.Gson
[20:27:02] [Server thread/INFO]: [NBTAPI] [NBTAPI] Using the plugin 'BlockProt' to create a bStats instance!
[20:27:02] [Server thread/INFO]: [SavageDeathChest] Enabling SavageDeathChest v1.18.5
[20:27:02] [Server thread/INFO]: [SavageDeathChest] Language file en-US.yml successfully loaded.
[20:27:02] [Server thread/INFO]: [SavageDeathChest] Sound file sounds.yml successfully loaded.
[20:27:03] [Server thread/INFO]: [SavageDeathChest] SQLite datastore initialized.
[20:27:03] [Server thread/INFO]: [SinglePlayerSleep] Enabling SinglePlayerSleep v1.13_2.13.46
[20:27:03] [Server thread/INFO]: **************************************
[20:27:03] [Server thread/INFO]: SinglePlayerSleep v1.13_2.13.46 Loading...
[20:27:03] [Server thread/INFO]: SinglePlayerSleep v1.13_2.13.46 plugins\SinglePlayerSleep\config.yml
[20:27:03] [Server thread/INFO]: SinglePlayerSleep v1.13_2.13.46 config.yml has been updated
[20:27:03] [Server thread/INFO]: Checking for updates...
[20:27:03] [Thread-7/WARN]: [NBTAPI] [NBTAPI] The NBT-API at 'package de.sean.blockprot.bukkit.shaded.nbtapi' seems to be a future Version, not yet released on Spigot/CurseForge!
[20:27:03] [Thread-7/WARN]: [NBTAPI] [NBTAPI] Current Version: '2.9.0-SNAPSHOT' Newest Version: 2.8.0'
[20:27:04] [Server thread/INFO]: SinglePlayerSleep v1.13_2.13.46 New version available! v1.13_2.13.47
[20:27:04] [Server thread/INFO]: https://spigotmc.org/resources/68139
[20:27:04] [Server thread/INFO]: SinglePlayerSleep v1.13_2.13.46 plugins\SinglePlayerSleep\permissions.yml
[20:27:04] [Server thread/INFO]: **************************************
[20:27:04] [Server thread/INFO]: SinglePlayerSleep v1.13_2.13.46 is ENABLED
[20:27:04] [Server thread/INFO]: **************************************
[20:27:04] [Server thread/INFO]: SinglePlayerSleep v1.13_2.13.46 This server is running Paper version git-Paper-168 (MC: 1.18.1) (Implementing API version 1.18.1-R0.1-SNAPSHOT)
[20:27:04] [Server thread/INFO]: SinglePlayerSleep v1.13_2.13.46 vardebug=false debug=false in plugins\SinglePlayerSleep/config.yml
[20:27:04] [Server thread/INFO]: SinglePlayerSleep v1.13_2.13.46 jarfilename=D:\Games\Minecraft Server\Minecraft-Server\plugins\SinglePlayerSleep-1.13_2.13.46.jar
[20:27:04] [Server thread/INFO]: [LaggRemover] Enabling LaggRemover v2.0.6
[20:27:04] [Server thread/INFO]: [LaggRemover] [STDOUT] 
    __                      ____                                         _    _____
   / /   ____ _____ _____ _/ __ \___  ____ ___  ____ _   _____  _____   | |  / /__ \
  / /   / __ `/ __ `/ __ `/ /_/ / _ \/ __ `__ \/ __ \ | / / _ \/ ___/   | | / /__/ /
 / /___/ /_/ / /_/ / /_/ / _, _/  __/ / / / / / /_/ / |/ /  __/ /       | |/ // __/
/_____/\__,_/\__, /\__, /_/ |_|\___/_/ /_/ /_/\____/|___/\___/_/        |___//____/
            /____//____/

[20:27:04] [Server thread/WARN]: Nag author(s): '[drew6017]' of 'LaggRemover' about their usage of System.out/err.print. Please use your plugin's logger instead (JavaPlugin#getLogger).
[20:27:04] [Server thread/INFO]: [LaggRemover] Loaded 0 module(s)
[20:27:04] [Server thread/INFO]: [LaggRemover] The LaggRemover AI is now active!
[20:27:04] [Server thread/INFO]: [LaggRemover] LaggRemover has been enabled!
[20:27:04] [Server thread/INFO]: Running delayed init tasks
[20:27:04] [Server thread/INFO]: Done (6.192s)! For help, type "help"
[20:27:04] [Server thread/INFO]: Timings Reset
[20:27:05] [Craft Scheduler Thread - 2 - BlockProt/INFO]: BlockProt is up to date. (1.0.4)
[20:28:22] [User Authenticator #1/INFO]: UUID of player watchtime is c057e1a1-33de-3761-931c-ce2a12a5e0c1
[20:28:23] [Server thread/INFO]: watchtime joined the game
[20:28:23] [Server thread/INFO]: watchtime[/127.0.0.1:2766] logged in with entity id 147 at ([world]1132.2256573857433, 70.0, 950.8912963905556)
[20:32:03] [Server thread/WARN]: watchtime was kicked for floating too long!
[20:32:03] [Server thread/INFO]: watchtime lost connection: Flying is not enabled on this server
[20:32:03] [Server thread/INFO]: watchtime left the game
[20:32:06] [User Authenticator #2/INFO]: UUID of player watchtime is c057e1a1-33de-3761-931c-ce2a12a5e0c1
[20:32:06] [Server thread/INFO]: watchtime joined the game
[20:32:06] [Server thread/INFO]: watchtime[/127.0.0.1:2775] logged in with entity id 889 at ([world]1157.2910216479659, 61.99486432313919, 927.704650266983)
[20:35:56] [Server thread/WARN]: Horse (vehicle of watchtime) moved wrongly! 0.3181947943749037
[20:37:03] [Server thread/WARN]: Horse (vehicle of watchtime) moved wrongly! 0.3050600826441041
[20:37:03] [Server thread/WARN]: Horse (vehicle of watchtime) moved wrongly! 0.5275333261200785
[20:37:03] [Server thread/WARN]: Horse (vehicle of watchtime) moved wrongly! 0.5231252012632694
[20:37:04] [Server thread/WARN]: Horse (vehicle of watchtime) moved wrongly! 0.4172779044138224
[20:37:04] [Server thread/WARN]: Horse (vehicle of watchtime) moved wrongly! 0.3486746072510414
[20:37:04] [Server thread/WARN]: Horse (vehicle of watchtime) moved wrongly! 0.30330755565125855
[20:37:04] [Server thread/WARN]: Horse (vehicle of watchtime) moved wrongly! 0.26649148305136805
[20:37:09] [Server thread/WARN]: Horse (vehicle of watchtime) moved wrongly! 0.26478771894414876
[20:37:09] [Server thread/WARN]: Horse (vehicle of watchtime) moved wrongly! 0.7566237687173043
[20:37:09] [Server thread/WARN]: Horse (vehicle of watchtime) moved wrongly! 1.283097939649565
[20:38:53] [Server thread/WARN]: Horse (vehicle of watchtime) moved wrongly! 0.2505939417442278
[20:38:53] [Server thread/WARN]: Horse (vehicle of watchtime) moved wrongly! 0.3095392596484885
[20:38:53] [Server thread/WARN]: Horse (vehicle of watchtime) moved wrongly! 0.3742995396652873
[20:39:12] [Server thread/WARN]: Horse (vehicle of watchtime) moved wrongly! 0.39040451050630054
[20:39:13] [Server thread/WARN]: Horse (vehicle of watchtime) moved wrongly! 0.45359527785558384
[20:39:19] [Server thread/WARN]: Horse (vehicle of watchtime) moved wrongly! 0.29640926811578083
[20:39:19] [Server thread/WARN]: Horse (vehicle of watchtime) moved wrongly! 0.36590931981692165
[20:39:19] [Server thread/WARN]: Horse (vehicle of watchtime) moved wrongly! 0.4363179553563441
[20:39:19] [Server thread/WARN]: Horse (vehicle of watchtime) moved wrongly! 0.5072127559924979
[20:39:19] [Server thread/WARN]: Horse (vehicle of watchtime) moved wrongly! 1.0783676938787607
[20:39:19] [Server thread/WARN]: Horse (vehicle of watchtime) moved wrongly! 0.371269994209797
[20:39:19] [Server thread/WARN]: Horse (vehicle of watchtime) moved wrongly! 0.442739636464637
[20:39:19] [Server thread/WARN]: Horse (vehicle of watchtime) moved wrongly! 0.5141983518975621
[20:39:20] [Server thread/WARN]: Horse (vehicle of watchtime) moved wrongly! 0.39177595720337877
[20:39:20] [Server thread/WARN]: Horse (vehicle of watchtime) moved wrongly! 0.46330834508330554
[20:39:20] [Server thread/WARN]: Horse (vehicle of watchtime) moved wrongly! 0.3209247056363438
[20:39:20] [Server thread/WARN]: Horse (vehicle of watchtime) moved wrongly! 0.39262343926748144
[20:39:20] [Server thread/WARN]: Horse (vehicle of watchtime) moved wrongly! 0.4642986075971862
[20:39:20] [Server thread/WARN]: Horse (vehicle of watchtime) moved wrongly! 0.39252674399978105
[20:39:20] [Server thread/WARN]: Horse (vehicle of watchtime) moved wrongly! 0.46358100678793335
[20:39:22] [Server thread/WARN]: Horse (vehicle of watchtime) moved wrongly! 0.35236314537263524
[20:39:22] [Server thread/WARN]: Horse (vehicle of watchtime) moved wrongly! 0.44082145068318823
[20:39:28] [Server thread/WARN]: Horse (vehicle of watchtime) moved wrongly! 0.35517845603027354
[20:39:28] [Server thread/WARN]: Horse (vehicle of watchtime) moved wrongly! 0.42962486417911805
[20:39:33] [Server thread/WARN]: Horse (vehicle of watchtime) moved wrongly! 0.4739931175146239
[20:39:33] [Server thread/WARN]: Horse (vehicle of watchtime) moved wrongly! 0.5489892789868236
[20:53:53] [Server thread/INFO]: watchtime lost connection: Disconnected
[20:53:54] [Server thread/INFO]: watchtime left the game
[21:04:05] [User Authenticator #3/INFO]: UUID of player watchtime is c057e1a1-33de-3761-931c-ce2a12a5e0c1
[21:04:05] [Server thread/INFO]: watchtime joined the game
[21:04:05] [Server thread/INFO]: watchtime[/127.0.0.1:9433] logged in with entity id 7262 at ([world]115.31728427570779, 151.0, 148.37035671358234)
[21:08:17] [Server thread/INFO]: watchtime lost connection: Disconnected
[21:08:17] [Server thread/INFO]: watchtime left the game
[21:41:37] [User Authenticator #4/INFO]: UUID of player AshutoshT10 is 0c7d9b03-03fe-3c0b-9557-dff80f397ce1
[21:41:37] [Server thread/INFO]: AshutoshT10 joined the game
[21:41:37] [Server thread/INFO]: AshutoshT10[/[0:0:0:0:0:0:0:1]:1125] logged in with entity id 8668 at ([world]10.5, 223.0, 1.5)
[21:43:06] [Server thread/INFO]: AshutoshT10 fell from a high place
[21:43:34] [Server thread/INFO]: You whisper to AshutoshT10: kya kr raha lavde
[21:44:03] [User Authenticator #5/INFO]: UUID of player watchtime is c057e1a1-33de-3761-931c-ce2a12a5e0c1
[21:44:03] [Server thread/INFO]: watchtime joined the game
[21:44:03] [Server thread/INFO]: watchtime[/127.0.0.1:9492] logged in with entity id 9301 at ([world]133.30000001192093, 102.0, -132.69999998807907)
[21:49:29] [Server thread/INFO]: AshutoshT10 lost connection: Disconnected
[21:49:29] [Server thread/INFO]: AshutoshT10 left the game
[21:51:37] [User Authenticator #6/INFO]: UUID of player AshutoshT10 is 0c7d9b03-03fe-3c0b-9557-dff80f397ce1
[21:51:37] [Server thread/INFO]: AshutoshT10 joined the game
[21:51:37] [Server thread/INFO]: AshutoshT10[/[0:0:0:0:0:0:0:1]:8515] logged in with entity id 10889 at ([world]5.62097043552112, 121.0, -63.30842145652118)
[21:51:53] [Server thread/INFO]: AshutoshT10 has made the advancement [Stone Age]
[22:05:30] [Server thread/INFO]: AshutoshT10 tried to swim in lava
[22:05:41] [Server thread/INFO]: watchtime issued server command: /tp AshutoshT10 watchtime
[22:05:41] [Server thread/INFO]: [watchtime: Teleported AshutoshT10 to watchtime]
[22:11:26] [Server thread/INFO]: AshutoshT10 has made the advancement [Isn't It Iron Pick]
[22:14:00] [Server thread/INFO]: watchtime lost connection: Disconnected
[22:14:00] [Server thread/INFO]: watchtime left the game
[22:14:41] [Server thread/INFO]: AshutoshT10 lost connection: Disconnected
[22:14:41] [Server thread/INFO]: AshutoshT10 left the game
[22:16:39] [User Authenticator #7/INFO]: UUID of player snypee is b43ac269-6ae9-3fc6-9cfa-48dc4978aefc
[22:16:40] [Server thread/INFO]: snypee joined the game
[22:16:40] [Server thread/INFO]: snypee[/[0:0:0:0:0:0:0:1]:20018] logged in with entity id 15022 at ([world]76.5, 74.5625, 371.5)
[22:19:09] [Server thread/INFO]: snypee lost connection: Disconnected
[22:19:09] [Server thread/INFO]: snypee left the game
[22:19:35] [Server thread/INFO]: Stopping the server
[22:19:35] [Server thread/INFO]: Stopping server
[22:19:35] [Server thread/INFO]: [LaggRemover] Disabling LaggRemover v2.0.6
[22:19:35] [Server thread/INFO]: [LaggRemover] LaggRemover has been disabled!
[22:19:35] [Server thread/INFO]: [SinglePlayerSleep] Disabling SinglePlayerSleep v1.13_2.13.46
[22:19:35] [Server thread/INFO]: **************************************
[22:19:35] [Server thread/INFO]: SinglePlayerSleep v1.13_2.13.46 is DISABLED
[22:19:35] [Server thread/INFO]: **************************************
[22:19:35] [Server thread/INFO]: [SavageDeathChest] Disabling SavageDeathChest v1.18.5
[22:19:35] [Server thread/INFO]: [SavageDeathChest] SQLite datastore connection closed.
[22:19:35] [Server thread/INFO]: [BlockProt] Disabling BlockProt v1.0.4
[22:19:35] [Server thread/INFO]: Saving players
[22:19:35] [Server thread/INFO]: Saving worlds
[22:19:35] [Server thread/INFO]: Saving chunks for level 'ServerLevel[world]'/minecraft:overworld
[22:19:36] [Server thread/INFO]: Saving chunks for level 'ServerLevel[world_nether]'/minecraft:the_nether
[22:19:38] [Server thread/INFO]: Saving chunks for level 'ServerLevel[world_the_end]'/minecraft:the_end
[22:19:38] [Server thread/INFO]: ThreadedAnvilChunkStorage (world): All chunks are saved
[22:19:38] [Server thread/INFO]: ThreadedAnvilChunkStorage (DIM-1): All chunks are saved
[22:19:38] [Server thread/INFO]: ThreadedAnvilChunkStorage (DIM1): All chunks are saved
[22:19:38] [Server thread/INFO]: ThreadedAnvilChunkStorage: All dimensions are saved
[22:19:44] [Server thread/INFO]: Flushing Chunk IO
[22:19:44] [Server thread/INFO]: Closing Thread Pool
[22:19:44] [Server thread/INFO]: Closing Server
